0 info it worked if it ends with ok
1 verbose cli [
1 verbose cli   '/usr/local/bin/node',
1 verbose cli   '/Users/marco/Documents/01 Programação/Alura/Desafio BackEnd/node_modules/.bin/npm',
1 verbose cli   'install',
1 verbose cli   '-D',
1 verbose cli   'eslint-config-standard@latest',
1 verbose cli   'eslint@^8.0.1',
1 verbose cli   'eslint-plugin-import@^2.25.2',
1 verbose cli   'eslint-plugin-n@^15.0.0',
1 verbose cli   'eslint-plugin-promise@^6.0.0'
1 verbose cli ]
2 info using npm@3.10.10
3 info using node@v16.14.2
4 silly loadCurrentTree Starting
5 silly install loadCurrentTree
6 silly install readLocalPackageData
7 verbose stack TypeError: cb.apply is not a function
7 verbose stack     at /Users/marco/Documents/01 Programação/Alura/Desafio BackEnd/node_modules/npm/node_modules/graceful-fs/polyfills.js:267:18
7 verbose stack     at FSReqCallback.oncomplete (node:fs:199:5)
8 verbose cwd /Users/marco/Documents/01 Programação/Alura/Desafio BackEnd
9 error Darwin 19.6.0
10 error argv "/usr/local/bin/node" "/Users/marco/Documents/01 Programação/Alura/Desafio BackEnd/node_modules/.bin/npm" "install" "-D" "eslint-config-standard@latest" "eslint@^8.0.1" "eslint-plugin-import@^2.25.2" "eslint-plugin-n@^15.0.0" "eslint-plugin-promise@^6.0.0"
11 error node v16.14.2
12 error npm  v3.10.10
13 error cb.apply is not a function
14 error If you need help, you may report this error at:
14 error     <https://github.com/npm/npm/issues>
15 verbose exit [ 1, true ]
